Info    [2021-04-12 14:54:09] | -----------------------------------------------
Info    [2021-04-12 14:54:09] |    ______     __    __     ______     __       
Info    [2021-04-12 14:54:09] |   /\  ___\   /\ "-./  \   /\  == \   /\ \      
Info    [2021-04-12 14:54:09] |   \ \ \____  \ \ \-./\ \  \ \  __<   \ \ \     
Info    [2021-04-12 14:54:09] |    \ \_____\  \ \_\ \ \_\  \ \_\ \_\  \ \_\    
Info    [2021-04-12 14:54:09] |     \/_____/   \/_/  \/_/   \/_/ /_/   \/_/    
Info    [2021-04-12 14:54:09] | 
Info    [2021-04-12 14:54:09] | ---- Children’s Medical Research Institute ----
Info    [2021-04-12 14:54:09] |  Finding cures for childhood genetic diseases  
Info    [2021-04-12 14:54:09] | 
Info    [2021-04-12 14:54:09] |  ==============================================
Info    [2021-04-12 14:54:09] |  GEAR, Genomic sEquence AnalyzeR.
Info    [2021-04-12 14:54:09] |  Author: Pablo Galaviz             
Info    [2021-04-12 14:54:09] |  pgalaviz@cmri.org.au              
Info    [2021-04-12 14:54:09] |  Build: Apr  8 2021 15:41:32
Info    [2021-04-12 14:54:09] |  ==============================================
Info    [2021-04-12 14:54:09] | 
Info    [2021-04-12 14:54:09] | 
Info    [2021-04-12 14:54:09] | Parameters :
Info    [2021-04-12 14:54:09] | ...............................................................
Info    [2021-04-12 14:54:09] | common.backup                  : false
Info    [2021-04-12 14:54:09] | common.chunk_size              : 10000
Info    [2021-04-12 14:54:09] | common.output_path             : GEAR_TELOMERE_MUTATION/A4/L2
Info    [2021-04-12 14:54:09] | common.progress                : 0
Info    [2021-04-12 14:54:09] | common.threads                 : 1
Info    [2021-04-12 14:54:09] | genome_analysis.validate       : true
Info    [2021-04-12 14:54:09] | iwgs_analysis.count_filter_threshold : 5
Info    [2021-04-12 14:54:09] | motif_count.quality_map        : 0
Info    [2021-04-12 14:54:09] | motif_count.quality_value      : 0
Info    [2021-04-12 14:54:09] | motif_count.validate           : false
Info    [2021-04-12 14:54:09] | task                           : TelomereMutations
Info    [2021-04-12 14:54:09] | telomere_mutations.query_file  : GEAR_IWGS/A4/L2/telomere.fq
Info    [2021-04-12 14:54:09] | telomere_mutations.target_file : telomere.fa
Info    [2021-04-12 14:54:09] | telomere_mutations.trimming_threshold : 20
Info    [2021-04-12 14:54:09] | telomere_mutations.trimming_window_mean : 6
Info    [2021-04-12 14:54:09] | ...............................................................
Info    [2021-04-12 14:55:21] | Finished in 1 minute 12 seconds 50 milliseconds 
Info    [2021-04-12 14:55:21] | All done! 
