Info    [2021-04-12 14:48:33] | -----------------------------------------------
Info    [2021-04-12 14:48:33] |    ______     __    __     ______     __       
Info    [2021-04-12 14:48:33] |   /\  ___\   /\ "-./  \   /\  == \   /\ \      
Info    [2021-04-12 14:48:33] |   \ \ \____  \ \ \-./\ \  \ \  __<   \ \ \     
Info    [2021-04-12 14:48:33] |    \ \_____\  \ \_\ \ \_\  \ \_\ \_\  \ \_\    
Info    [2021-04-12 14:48:33] |     \/_____/   \/_/  \/_/   \/_/ /_/   \/_/    
Info    [2021-04-12 14:48:33] | 
Info    [2021-04-12 14:48:33] | ---- Children’s Medical Research Institute ----
Info    [2021-04-12 14:48:33] |  Finding cures for childhood genetic diseases  
Info    [2021-04-12 14:48:33] | 
Info    [2021-04-12 14:48:33] |  ==============================================
Info    [2021-04-12 14:48:33] |  GEAR, Genomic sEquence AnalyzeR.
Info    [2021-04-12 14:48:33] |  Author: Pablo Galaviz             
Info    [2021-04-12 14:48:33] |  pgalaviz@cmri.org.au              
Info    [2021-04-12 14:48:33] |  Build: Apr  8 2021 15:41:32
Info    [2021-04-12 14:48:33] |  ==============================================
Info    [2021-04-12 14:48:33] | 
Info    [2021-04-12 14:48:33] | 
Info    [2021-04-12 14:48:33] | Parameters :
Info    [2021-04-12 14:48:33] | ...............................................................
Info    [2021-04-12 14:48:33] | common.backup                  : false
Info    [2021-04-12 14:48:33] | common.chunk_size              : 10000
Info    [2021-04-12 14:48:33] | common.output_path             : GEAR_TELOMERE_MUTATION/A1/L1
Info    [2021-04-12 14:48:33] | common.progress                : 0
Info    [2021-04-12 14:48:33] | common.threads                 : 1
Info    [2021-04-12 14:48:33] | genome_analysis.validate       : true
Info    [2021-04-12 14:48:33] | iwgs_analysis.count_filter_threshold : 5
Info    [2021-04-12 14:48:33] | motif_count.quality_map        : 0
Info    [2021-04-12 14:48:33] | motif_count.quality_value      : 0
Info    [2021-04-12 14:48:33] | motif_count.validate           : false
Info    [2021-04-12 14:48:33] | task                           : TelomereMutations
Info    [2021-04-12 14:48:33] | telomere_mutations.query_file  : GEAR_IWGS/A1/L1/telomere.fq
Info    [2021-04-12 14:48:33] | telomere_mutations.target_file : telomere.fa
Info    [2021-04-12 14:48:33] | telomere_mutations.trimming_threshold : 20
Info    [2021-04-12 14:48:33] | telomere_mutations.trimming_window_mean : 6
Info    [2021-04-12 14:48:33] | ...............................................................
Info    [2021-04-12 14:48:46] | Finished in 12 seconds 818 milliseconds 
Info    [2021-04-12 14:48:46] | All done! 
