[1;94mInfo    [2020-10-20 11:31:20] | [0m-----------------------------------------------
[1;94mInfo    [2020-10-20 11:31:20] | [0m   ______     __    __     ______     __       
[1;94mInfo    [2020-10-20 11:31:20] | [0m  /\  ___\   /\ "-./  \   /\  == \   /\ \      
[1;94mInfo    [2020-10-20 11:31:20] | [0m  \ \ \____  \ \ \-./\ \  \ \  __<   \ \ \     
[1;94mInfo    [2020-10-20 11:31:20] | [0m   \ \_____\  \ \_\ \ \_\  \ \_\ \_\  \ \_\    
[1;94mInfo    [2020-10-20 11:31:20] | [0m    \/_____/   \/_/  \/_/   \/_/ /_/   \/_/    
[1;94mInfo    [2020-10-20 11:31:20] | [0m
[1;94mInfo    [2020-10-20 11:31:20] | [0m---- Children’s Medical Research Institute ----
[1;94mInfo    [2020-10-20 11:31:20] | [0m Finding cures for childhood genetic diseases  
[1;94mInfo    [2020-10-20 11:31:20] | [0m
[1;94mInfo    [2020-10-20 11:31:20] | [0m ==============================================
[1;94mInfo    [2020-10-20 11:31:20] | [0m GEAR, Genomic sEquence AnalyzeR.
[1;94mInfo    [2020-10-20 11:31:20] | [0m Author: Pablo Galaviz             
[1;94mInfo    [2020-10-20 11:31:20] | [0m pgalaviz@cmri.org.au              
[1;94mInfo    [2020-10-20 11:31:20] | [0m Build: Oct 20 2020 11:27:01
[1;94mInfo    [2020-10-20 11:31:20] | [0m ==============================================
[1;94mInfo    [2020-10-20 11:31:20] | [0m
[1;94mInfo    [2020-10-20 11:31:20] | [0m
[1;94mInfo    [2020-10-20 11:31:20] | [0mParameters :
[1;94mInfo    [2020-10-20 11:31:20] | [0m...............................................................
[1;94mInfo    [2020-10-20 11:31:20] | [0mcommon.backup                  : true
[1;94mInfo    [2020-10-20 11:31:20] | [0mcommon.chunk_size              : 1000000
[1;94mInfo    [2020-10-20 11:31:20] | [0mcommon.input_file              : GEAR_IWGS/A3/L2/A3_CSFP200000631-1a_HT52MDSXX_L2.bam
[1;94mInfo    [2020-10-20 11:31:20] | [0mcommon.output_path             : GEAR_MOTIF_COUNT/A3L2
[1;94mInfo    [2020-10-20 11:31:20] | [0mcommon.progress                : 0
[1;94mInfo    [2020-10-20 11:31:20] | [0mcommon.threads                 : 6
[1;94mInfo    [2020-10-20 11:31:20] | [0mgenome_analysis.validate       : true
[1;94mInfo    [2020-10-20 11:31:20] | [0mmotif_count.motifs             : motifs.json
[1;94mInfo    [2020-10-20 11:31:20] | [0mmotif_count.quality_map        : 20
[1;94mInfo    [2020-10-20 11:31:20] | [0mmotif_count.quality_value      : 0
[1;94mInfo    [2020-10-20 11:31:20] | [0mmotif_count.validate           : false
[1;94mInfo    [2020-10-20 11:31:20] | [0mparameters                     : input.par
[1;94mInfo    [2020-10-20 11:31:20] | [0mtask                           : MotifCount
[1;94mInfo    [2020-10-20 11:31:20] | [0mvariant_call_analysis.reference : /media/pablo/Samsung_2TB/Novogene/hg38/hg38.fa
[1;94mInfo    [2020-10-20 11:31:20] | [0mvariant_call_analysis.regions  : vc_regions.json
[1;94mInfo    [2020-10-20 11:31:20] | [0m...............................................................
[1;94mInfo    [2020-10-20 11:31:20] | [0mProcessing: 100174 reads.
[1;94mInfo    [2020-10-20 11:32:03] | [0mTotal sequences analysed: 98448
[1;94mInfo    [2020-10-20 11:32:03] | [0mFinished in 43 seconds 650 milliseconds 
[1;94mInfo    [2020-10-20 11:32:03] | [0mAll done! 
